<?xml version="1.0" encoding="utf-8"?>
<TestRun id="867f4e0b-e968-49f1-815f-d1ce4aac29ed" name="Cliente@DESKTOP-0KAU6U9 2025-08-13 15:36:11" runUser="DESKTOP-0KAU6U9\Cliente" xmlns="http://microsoft.com/schemas/VisualStudio/TeamTest/2010">
  <Times creation="2025-08-13T15:36:11.1384606-03:00" queuing="2025-08-13T15:36:11.1384607-03:00" start="2025-08-13T15:36:08.9355326-03:00" finish="2025-08-13T15:36:11.1441937-03:00" />
  <TestSettings name="default" id="00607d48-d109-439a-9fec-4bef64fc2465">
    <Deployment runDeploymentRoot="Cliente_DESKTOP-0KAU6U9_2025-08-13_15_36_11" />
  </TestSettings>
  <Results>
    <UnitTestResult executionId="0ba676a5-6ff5-4a08-926d-34e5e63e1047" testId="e68e632c-a20e-0a13-279e-fabbd00a260c" testName="TodoApiTests.Create_And_List_Todos" computerName="DESKTOP-0KAU6U9" duration="00:00:00.9239478" startTime="2025-08-13T15:36:11.0589650-03:00" endTime="2025-08-13T15:36:11.0589761-03:00" testType="13cdc9d9-ddb5-4fa4-a97d-d965ccfc6d4b" outcome="Passed" testListId="8c84fa94-04c1-424b-9868-57a2d4851a1d" relativeResultsDirectory="0ba676a5-6ff5-4a08-926d-34e5e63e1047" />
  </Results>
  <TestDefinitions>
    <UnitTest name="TodoApiTests.Create_And_List_Todos" storage="c:\users\cliente\desktop\api-net\tests\bin\release\net8.0\cleantodos.tests.dll" id="e68e632c-a20e-0a13-279e-fabbd00a260c">
      <Execution id="0ba676a5-6ff5-4a08-926d-34e5e63e1047" />
      <TestMethod codeBase="C:\Users\Cliente\Desktop\API-net\tests\bin\Release\net8.0\CleanTodos.Tests.dll" adapterTypeName="executor://xunit/VsTestRunner2/netcoreapp" className="TodoApiTests" name="Create_And_List_Todos" />
    </UnitTest>
  </TestDefinitions>
  <TestEntries>
    <TestEntry testId="e68e632c-a20e-0a13-279e-fabbd00a260c" executionId="0ba676a5-6ff5-4a08-926d-34e5e63e1047" testListId="8c84fa94-04c1-424b-9868-57a2d4851a1d" />
  </TestEntries>
  <TestLists>
    <TestList name="Resultados que não estão em uma lista" id="8c84fa94-04c1-424b-9868-57a2d4851a1d" />
    <TestList name="Todos os resultados carregados" id="19431567-8539-422a-85d7-44ee4e166bda" />
  </TestLists>
  <ResultSummary outcome="Completed">
    <Counters total="1" executed="1" passed="1" failed="0" error="0" timeout="0" aborted="0" inconclusive="0" passedButRunAborted="0" notRunnable="0" notExecuted="0" disconnected="0" warning="0" completed="0" inProgress="0" pending="0" />
    <Output>
      <StdOut>[xUnit.net 00:00:00.00] xUnit.net VSTest Adapter v2.8.2+699d445a1a (64-bit .NET 8.0.19)&#xD;
[xUnit.net 00:00:00.40]   Discovering: CleanTodos.Tests&#xD;
[xUnit.net 00:00:00.43]   Discovered:  CleanTodos.Tests&#xD;
[xUnit.net 00:00:00.43]   Starting:    CleanTodos.Tests&#xD;
info: Microsoft.AspNetCore.Hosting.Diagnostics[1]&#xD;
      Request starting HTTP/1.1 POST http://localhost/api/todos - application/json;+charset=utf-8 39&#xD;
warn: Microsoft.AspNetCore.HttpsPolicy.HttpsRedirectionMiddleware[3]&#xD;
      Failed to determine the https port for redirect.&#xD;
info: Microsoft.AspNetCore.Routing.EndpointMiddleware[0]&#xD;
      Executing endpoint 'HTTP: POST /api/todos/'&#xD;
info: Microsoft.EntityFrameworkCore.Update[30100]&#xD;
      Saved 1 entities to in-memory store.&#xD;
info: Microsoft.AspNetCore.Http.Result.CreatedResult[1]&#xD;
      Setting HTTP status code 201.&#xD;
info: Microsoft.AspNetCore.Http.Result.CreatedResult[3]&#xD;
      Writing value of type 'Todo' as Json.&#xD;
info: Microsoft.AspNetCore.Routing.EndpointMiddleware[1]&#xD;
      Executed endpoint 'HTTP: POST /api/todos/'&#xD;
info: Microsoft.AspNetCore.Hosting.Diagnostics[2]&#xD;
      Request finished HTTP/1.1 POST http://localhost/api/todos - 201 - application/json;+charset=utf-8 307.8665ms&#xD;
info: Microsoft.AspNetCore.Hosting.Diagnostics[1]&#xD;
      Request starting HTTP/1.1 GET http://localhost/api/todos - - -&#xD;
info: Microsoft.AspNetCore.Routing.EndpointMiddleware[0]&#xD;
      Executing endpoint 'HTTP: GET /api/todos/'&#xD;
info: Microsoft.AspNetCore.Routing.EndpointMiddleware[1]&#xD;
      Executed endpoint 'HTTP: GET /api/todos/'&#xD;
info: Microsoft.AspNetCore.Hosting.Diagnostics[2]&#xD;
      Request finished HTTP/1.1 GET http://localhost/api/todos - 200 - application/json;+charset=utf-8 78.5240ms&#xD;
[xUnit.net 00:00:01.39]   Finished:    CleanTodos.Tests&#xD;
</StdOut>
    </Output>
  </ResultSummary>
</TestRun>